<?xml version="1.0" encoding="UTF-8"?>
<testsuite name="functional.tests.MainKtTest" tests="10" skipped="0" failures="0" errors="0" timestamp="2020-10-05T18:57:30" hostname="maria-TM1701" time="0.052">
  <properties/>
  <testcase name="reverse (empty list)()" classname="functional.tests.MainKtTest" time="0.015"/>
  <testcase name="sumsq (null)()" classname="functional.tests.MainKtTest" time="0.004"/>
  <testcase name="filter_withFold()" classname="functional.tests.MainKtTest" time="0.012"/>
  <testcase name="lengths()" classname="functional.tests.MainKtTest" time="0.0"/>
  <testcase name="sumsq()" classname="functional.tests.MainKtTest" time="0.0"/>
  <testcase name="mapAccumL()" classname="functional.tests.MainKtTest" time="0.001"/>
  <testcase name="quicksort (not empty list)()" classname="functional.tests.MainKtTest" time="0.011"/>
  <testcase name="quicksort (empty list)()" classname="functional.tests.MainKtTest" time="0.001"/>
  <testcase name="filter_withFoldRight()" classname="functional.tests.MainKtTest" time="0.001"/>
  <testcase name="reverse (not empty list)()" classname="functional.tests.MainKtTest" time="0.001"/>
  <system-out><![CDATA[]]></system-out>
  <system-err><![CDATA[]]></system-err>
</testsuite>
